<?xml version="1.0" encoding="UTF-8"?>
<!DOCTYPE log4j:configuration SYSTEM "log4j.dtd">

<!-- ===================================================================== -->
<!--                                                                       -->
<!--  Log4j Configuration                                                  -->
<!--                                                                       -->
<!-- ===================================================================== -->

<log4j:configuration xmlns:log4j="http://jakarta.apache.org/log4j/" debug="false">

   <!-- ================================= -->
   <!-- Preserve messages in a local file -->
   <!-- ================================= -->
  <appender name="MYCONSOLE" class="org.apache.log4j.ConsoleAppender">
    <param name="Target" value="System.out"/>
    <layout class="org.apache.log4j.PatternLayout">
      <param name="ConversionPattern" value="%d{ABSOLUTE} %-5p [%c{1}] %m%n"/>
    </layout>
  </appender>

  <logger name="org.apache.commons.beanutils" additivity="false">
    <level value="DEBUG" />
    <appender-ref ref="MYCONSOLE"/>
  </logger>
  
  <logger name="com.bln" additivity="false">
    <level value="DEBUG" />
    <appender-ref ref="MYCONSOLE"/>
  </logger>

  <logger name="test" additivity="false">
    <level value="DEBUG" />
    <appender-ref ref="MYCONSOLE"/>
  </logger>
    
  <logger name="org" additivity="false">
    <level value="DEBUG" />
    <appender-ref ref="MYCONSOLE"/>
  </logger>
  

   <!-- ======================= -->
   <!-- Setup the Root category -->
   <!-- ======================= -->

    
</log4j:configuration>
